<?xml version="1.0" encoding="UTF-8"?>
<testng-results ignored="0" total="1" passed="1" failed="0" skipped="0">
  <reporter-output>
  </reporter-output>
  <suite started-at="2021-11-17T08:49:16Z" name="Default suite" finished-at="2021-11-17T08:49:22Z" duration-ms="5487">
    <groups>
    </groups>
    <test started-at="2021-11-17T08:49:16Z" name="Default test" finished-at="2021-11-17T08:49:22Z" duration-ms="5487">
      <class name="tugas5.SignUp.SignUp">
        <test-method signature="SignUp()[pri:0, instance:tugas5.SignUp.SignUp@65c7a252]" started-at="2021-11-17T08:49:16Z" name="SignUp" finished-at="2021-11-17T08:49:22Z" duration-ms="5465" status="PASS">
          <reporter-output>
          </reporter-output>
        </test-method> <!-- SignUp -->
      </class> <!-- tugas5.SignUp.SignUp -->
    </test> <!-- Default test -->
  </suite> <!-- Default suite -->
</testng-results>
